<?xml version="1.0" encoding="UTF-8"?>
<!-- Generated by org.testng.reporters.JUnitXMLReporter -->
<testsuite ignored="0" hostname="LAPTOP-LS3D59LS" failures="1" tests="1" name="FirefoxTest" time="18.473" errors="0" timestamp="2023-10-22T12:32:03 IST">
  <testcase classname="com.uiautomation.testcases.LoginPageTest" name="loginTest" time="1.941">
    <failure type="java.lang.AssertionError" message="expected [https://magento.softwaretestingboard.com/] but found [https://magento.softwaretestingboard.com/customer/account/login/referer/aHR0cHM6Ly9tYWdlbnRvLnNvZnR3YXJldGVzdGluZ2JvYXJkLmNvbS8%2C/]">
      <![CDATA[java.lang.AssertionError: expected [https://magento.softwaretestingboard.com/] but found [https://magento.softwaretestingboard.com/customer/account/login/referer/aHR0cHM6Ly9tYWdlbnRvLnNvZnR3YXJldGVzdGluZ2JvYXJkLmNvbS8%2C/]
at com.uiautomation.testcases.LoginPageTest.loginTest(LoginPageTest.java:36)
at java.base/java.util.ArrayList.forEach(ArrayList.java:1511)
... Removed 30 stack frames]]>
    </failure>
  </testcase> <!-- loginTest -->
</testsuite> <!-- FirefoxTest -->
